Arguments: 
  C:\Users\baymaz\AppData\Roaming\nvm\v18.12.0\node.exe C:\Program Files (x86)\Yarn\bin\yarn.js

PATH: 
  C:\Users\baymaz\bin;C:\Program Files\Git\mingw64\bin;C:\Program Files\Git\usr\local\bin;C:\Program Files\Git\usr\bin;C:\Program Files\Git\usr\bin;C:\Program Files\Git\mingw64\bin;C:\Program Files\Git\usr\bin;C:\Users\baymaz\bin;C:\Program Files (x86)\Common Files\Oracle\Java\javapath;C:\Ruby31-x64\bin;C:\Program Files (x86)\VMware\VMware Workstation\bin;C:\Windows\system32;C:\Windows;C:\Windows\System32\Wbem;C:\Windows\System32\WindowsPowerShell\v1.0;C:\Windows\System32\OpenSSH;C:\Users\baymaz\AppData\Roaming\nvm;C:\Program Files\nodejs;C:\Program Files\Git\cmd;C:\Program Files (x86)\Yarn\bin;C:\Program Files\PuTTY;C:\Users\baymaz\AppData\Local\Programs\Python\Python39-32\Scripts;C:\Users\baymaz\AppData\Local\Programs\Python\Python39-32;C:\Users\baymaz\AppData\Local\Microsoft\WindowsApps;C:\Users\baymaz\AppData\Local\Programs\Microsoft VS Code\bin;C:\Users\baymaz\AppData\Local\GitHubDesktop\bin;C:\Users\baymaz\AppData\Local\Yarn\bin;C:\Users\baymaz\AppData\Local\Google\Cloud SDK\google-cloud-sdk\bin;C:\Program Files\PostgreSQL\13\bin;C:\Program Files\Git\usr\bin\vendor_perl;C:\Program Files\Git\usr\bin\core_perl

Yarn version: 
  1.22.4

Node version: 
  18.12.0

Platform: 
  win32 x64

Trace: 
  Error: https://registry.yarnpkg.com/@mux%2ftest-esm-exports: Not found
      at params.callback [as _callback] (C:\Program Files (x86)\Yarn\lib\cli.js:66096:18)
      at self.callback (C:\Program Files (x86)\Yarn\lib\cli.js:140748:22)
      at Request.emit (node:events:513:28)
      at Request.<anonymous> (C:\Program Files (x86)\Yarn\lib\cli.js:141720:10)
      at Request.emit (node:events:513:28)
      at IncomingMessage.<anonymous> (C:\Program Files (x86)\Yarn\lib\cli.js:141642:12)
      at Object.onceWrapper (node:events:627:28)
      at IncomingMessage.emit (node:events:525:35)
      at endReadableNT (node:internal/streams/readable:1359:12)
      at process.processTicksAndRejections (node:internal/process/task_queues:82:21)

npm manifest: 
  {
    "name": "@groundbreak/groundbreak-player",
    "version": "1.10.1",
    "description": "An open source Mux player web component that Just Works™",
    "main": "./dist/index.cjs.js",
    "module": "./dist/index.mjs",
    "browser": "./dist/index.mjs",
    "unpkg": "./dist/mux-player.js",
    "jsdelivr": "./dist/mux-player.js",
    "exports": {
      ".": {
        "import": "./dist/index.mjs",
        "require": "./dist/index.cjs.js",
        "default": "./dist/index.cjs.js"
      },
      "./themes/microvideo": "./themes/microvideo.js",
      "./themes/minimal": "./themes/minimal.js"
    },
    "types": "dist/types-ts3.4/index.d.ts",
    "typesVersions": {
      ">=4.3.5": {
        "*": [
          "dist/types/index.d.ts"
        ]
      }
    },
    "repository": {
      "type": "git",
      "url": "https://github.com/groundbreak/groundbreak-player",
      "directory": "/"
    },
    "author": "Mux, Inc.",
    "license": "MIT",
    "scripts": {
      "clean": "shx rm -rf dist/ && shx rm -rf src/polyfills",
      "lint": "eslint src/ --ext .js,.jsx,.ts,.tsx",
      "test": "web-test-runner **/*test.js --port 8001 --coverage --config test/web-test-runner.config.mjs --root-dir ../..",
      "posttest": "replace 'SF:src/' 'SF:packages/mux-player/src/' coverage/lcov.info --silent",
      "i18n": "yarn build:esm --keep-names && i18n-utils dist/index.mjs ./lang",
      "dev:iife": "yarn build:iife --watch=forever",
      "dev:esm": "yarn build:esm --watch=forever",
      "dev:esm-module": "yarn build:esm-module --watch=forever",
      "dev:cjs": "yarn build:cjs --watch=forever",
      "dev:types": "yarn build:types -w",
      "dev": "npm-run-all --parallel dev:types dev:esm dev:cjs dev:esm-module dev:iife",
      "build:esm": "esbuilder src/index.ts --format=esm --out-extension:.js=.mjs",
      "build:esm-module": "esbuilder src/index.ts --format=esm-module --outfile=dist/mux-player.mjs",
      "build:iife": "esbuilder src/index.ts --format=iife --outfile=dist/mux-player.js",
      "build:cjs": "esbuilder src/index.ts --format=cjs --out-extension:.js=.cjs.js",
      "copypolyfills": "shx mkdir -p src/polyfills && shx cp ../../shared/polyfills/index.ts ./src/polyfills/index.ts",
      "build:types": "tsc",
      "postbuild:types": "downlevel-dts ./dist/types ./dist/types-ts3.4",
      "build": "npm-run-all --parallel 'build:esm --minify' 'build:iife --minify' 'build:cjs --minify' 'build:esm-module --minify'",
      "create-release-notes": "create-release-notes ./CHANGELOG.md",
      "publish-release": "../../scripts/publish.sh"
    },
    "dependencies": {
      "@mux/mux-video": "0.15.1",
      "@mux/playback-core": "0.18.0",
      "media-chrome": "0.21.1"
    },
    "devDependencies": {
      "@mux/test-esm-exports": "0.1.0",
      "@open-wc/testing": "^3.0.3",
      "@typescript-eslint/eslint-plugin": "^5.48.0",
      "@typescript-eslint/parser": "^5.48.0",
      "@web/dev-server-esbuild": "^0.3.2",
      "@web/dev-server-import-maps": "^0.0.6",
      "@web/test-runner": "^0.13.26",
      "@web/test-runner-playwright": "^0.9.0",
      "downlevel-dts": "^0.11.0",
      "eslint": "^8.24.0",
      "npm-run-all": "^4.1.5",
      "replace": "^1.2.1",
      "shx": "^0.3.4",
      "typescript": "^4.9.4"
    }
  }

yarn manifest: 
  No manifest

Lockfile: 
  No lockfile
